<testsuites id="" name="" tests="130" failures="0" skipped="0" errors="0" time="52.67989">
<testsuite name="api-health.spec.ts" timestamp="2025-07-17T16:45:58.384Z" hostname="chromium" tests="13" failures="0" skipped="0" time="29.585" errors="0">
<testcase name="API Health Checks › should have API health endpoint accessible" classname="api-health.spec.ts" time="1.06">
</testcase>
<testcase name="API Health Checks › should have API health status endpoint accessible" classname="api-health.spec.ts" time="1.014">
</testcase>
<testcase name="API Health Checks › should have root endpoint accessible" classname="api-health.spec.ts" time="1.041">
</testcase>
<testcase name="API Health Checks › should return 404 for non-existent endpoints" classname="api-health.spec.ts" time="1.2">
</testcase>
<testcase name="API Health Checks › should handle CORS for Angular origin" classname="api-health.spec.ts" time="1.084">
</testcase>
<testcase name="API Health Checks › should reject unauthorized CORS origins" classname="api-health.spec.ts" time="1.016">
</testcase>
<testcase name="API Health Checks › should handle concurrent requests" classname="api-health.spec.ts" time="1.404">
</testcase>
<testcase name="API Health Checks › should return valid JSON structure for status endpoint" classname="api-health.spec.ts" time="1.377">
</testcase>
<testcase name="API Health Checks › should have reasonable response times" classname="api-health.spec.ts" time="0.703">
</testcase>
<testcase name="API Health Checks › should handle HTTP methods correctly" classname="api-health.spec.ts" time="0.828">
</testcase>
<testcase name="API Integration with Frontend › should successfully connect frontend to API" classname="api-health.spec.ts" time="17.437">
</testcase>
<testcase name="API Integration with Frontend › should handle API errors in frontend" classname="api-health.spec.ts" time="0.72">
</testcase>
<testcase name="API Integration with Frontend › should display API data in frontend" classname="api-health.spec.ts" time="0.701">
</testcase>
</testsuite>
<testsuite name="hello-world.spec.ts" timestamp="2025-07-17T16:45:58.384Z" hostname="chromium" tests="13" failures="0" skipped="0" time="12.497" errors="0">
<testcase name="Hello World Flow › should display the application title" classname="hello-world.spec.ts" time="0.637">
</testcase>
<testcase name="Hello World Flow › should load the hello world component" classname="hello-world.spec.ts" time="0.778">
</testcase>
<testcase name="Hello World Flow › should display loading state initially" classname="hello-world.spec.ts" time="0.688">
</testcase>
<testcase name="Hello World Flow › should successfully fetch and display hello world message" classname="hello-world.spec.ts" time="0.618">
</testcase>
<testcase name="Hello World Flow › should display health status information" classname="hello-world.spec.ts" time="0.734">
</testcase>
<testcase name="Hello World Flow › should display timestamp in status card" classname="hello-world.spec.ts" time="0.672">
</testcase>
<testcase name="Hello World Flow › should handle API error gracefully" classname="hello-world.spec.ts" time="0.832">
</testcase>
<testcase name="Hello World Flow › should allow retry after error" classname="hello-world.spec.ts" time="0.956">
</testcase>
<testcase name="Hello World Flow › should work on mobile devices" classname="hello-world.spec.ts" time="0.725">
</testcase>
<testcase name="Hello World Flow › should handle slow API responses" classname="hello-world.spec.ts" time="3.792">
</testcase>
<testcase name="Hello World Flow › should maintain state during navigation" classname="hello-world.spec.ts" time="0.791">
</testcase>
<testcase name="User Scenarios › Happy Path - API Available" classname="hello-world.spec.ts" time="0.58">
</testcase>
<testcase name="User Scenarios › Retry Flow - Error Recovery" classname="hello-world.spec.ts" time="0.694">
</testcase>
</testsuite>
<testsuite name="api-health.spec.ts" timestamp="2025-07-17T16:45:58.384Z" hostname="firefox" tests="13" failures="0" skipped="0" time="66.649" errors="0">
<testcase name="API Health Checks › should have API health endpoint accessible" classname="api-health.spec.ts" time="3.932">
</testcase>
<testcase name="API Health Checks › should have API health status endpoint accessible" classname="api-health.spec.ts" time="4.203">
</testcase>
<testcase name="API Health Checks › should have root endpoint accessible" classname="api-health.spec.ts" time="4.282">
</testcase>
<testcase name="API Health Checks › should return 404 for non-existent endpoints" classname="api-health.spec.ts" time="4.793">
</testcase>
<testcase name="API Health Checks › should handle CORS for Angular origin" classname="api-health.spec.ts" time="4.933">
</testcase>
<testcase name="API Health Checks › should reject unauthorized CORS origins" classname="api-health.spec.ts" time="5.042">
</testcase>
<testcase name="API Health Checks › should handle concurrent requests" classname="api-health.spec.ts" time="5.3">
</testcase>
<testcase name="API Health Checks › should return valid JSON structure for status endpoint" classname="api-health.spec.ts" time="3.439">
</testcase>
<testcase name="API Health Checks › should have reasonable response times" classname="api-health.spec.ts" time="3.11">
</testcase>
<testcase name="API Health Checks › should handle HTTP methods correctly" classname="api-health.spec.ts" time="3.049">
</testcase>
<testcase name="API Integration with Frontend › should successfully connect frontend to API" classname="api-health.spec.ts" time="18.474">
</testcase>
<testcase name="API Integration with Frontend › should handle API errors in frontend" classname="api-health.spec.ts" time="3.032">
</testcase>
<testcase name="API Integration with Frontend › should display API data in frontend" classname="api-health.spec.ts" time="3.06">
</testcase>
</testsuite>
<testsuite name="hello-world.spec.ts" timestamp="2025-07-17T16:45:58.384Z" hostname="firefox" tests="13" failures="0" skipped="0" time="47.21" errors="0">
<testcase name="Hello World Flow › should display the application title" classname="hello-world.spec.ts" time="2.958">
</testcase>
<testcase name="Hello World Flow › should load the hello world component" classname="hello-world.spec.ts" time="2.839">
</testcase>
<testcase name="Hello World Flow › should display loading state initially" classname="hello-world.spec.ts" time="2.871">
</testcase>
<testcase name="Hello World Flow › should successfully fetch and display hello world message" classname="hello-world.spec.ts" time="2.864">
</testcase>
<testcase name="Hello World Flow › should display health status information" classname="hello-world.spec.ts" time="2.826">
</testcase>
<testcase name="Hello World Flow › should display timestamp in status card" classname="hello-world.spec.ts" time="3.028">
</testcase>
<testcase name="Hello World Flow › should handle API error gracefully" classname="hello-world.spec.ts" time="3.808">
</testcase>
<testcase name="Hello World Flow › should allow retry after error" classname="hello-world.spec.ts" time="3.822">
</testcase>
<testcase name="Hello World Flow › should work on mobile devices" classname="hello-world.spec.ts" time="3.751">
</testcase>
<testcase name="Hello World Flow › should handle slow API responses" classname="hello-world.spec.ts" time="6.751">
</testcase>
<testcase name="Hello World Flow › should maintain state during navigation" classname="hello-world.spec.ts" time="3.649">
</testcase>
<testcase name="User Scenarios › Happy Path - API Available" classname="hello-world.spec.ts" time="4.74">
</testcase>
<testcase name="User Scenarios › Retry Flow - Error Recovery" classname="hello-world.spec.ts" time="3.303">
</testcase>
</testsuite>
<testsuite name="api-health.spec.ts" timestamp="2025-07-17T16:45:58.384Z" hostname="webkit" tests="13" failures="0" skipped="0" time="25.027" errors="0">
<testcase name="API Health Checks › should have API health endpoint accessible" classname="api-health.spec.ts" time="3.112">
</testcase>
<testcase name="API Health Checks › should have API health status endpoint accessible" classname="api-health.spec.ts" time="3.108">
</testcase>
<testcase name="API Health Checks › should have root endpoint accessible" classname="api-health.spec.ts" time="1.87">
</testcase>
<testcase name="API Health Checks › should return 404 for non-existent endpoints" classname="api-health.spec.ts" time="1.348">
</testcase>
<testcase name="API Health Checks › should handle CORS for Angular origin" classname="api-health.spec.ts" time="1.483">
</testcase>
<testcase name="API Health Checks › should reject unauthorized CORS origins" classname="api-health.spec.ts" time="1.738">
</testcase>
<testcase name="API Health Checks › should handle concurrent requests" classname="api-health.spec.ts" time="1.645">
</testcase>
<testcase name="API Health Checks › should return valid JSON structure for status endpoint" classname="api-health.spec.ts" time="1.592">
</testcase>
<testcase name="API Health Checks › should have reasonable response times" classname="api-health.spec.ts" time="1.809">
</testcase>
<testcase name="API Health Checks › should handle HTTP methods correctly" classname="api-health.spec.ts" time="1.725">
</testcase>
<testcase name="API Integration with Frontend › should successfully connect frontend to API" classname="api-health.spec.ts" time="1.39">
</testcase>
<testcase name="API Integration with Frontend › should handle API errors in frontend" classname="api-health.spec.ts" time="2.111">
</testcase>
<testcase name="API Integration with Frontend › should display API data in frontend" classname="api-health.spec.ts" time="2.096">
</testcase>
</testsuite>
<testsuite name="hello-world.spec.ts" timestamp="2025-07-17T16:45:58.384Z" hostname="webkit" tests="13" failures="0" skipped="0" time="27.65" errors="0">
<testcase name="Hello World Flow › should display the application title" classname="hello-world.spec.ts" time="1.745">
</testcase>
<testcase name="Hello World Flow › should load the hello world component" classname="hello-world.spec.ts" time="1.851">
</testcase>
<testcase name="Hello World Flow › should display loading state initially" classname="hello-world.spec.ts" time="1.876">
</testcase>
<testcase name="Hello World Flow › should successfully fetch and display hello world message" classname="hello-world.spec.ts" time="1.772">
</testcase>
<testcase name="Hello World Flow › should display health status information" classname="hello-world.spec.ts" time="1.493">
</testcase>
<testcase name="Hello World Flow › should display timestamp in status card" classname="hello-world.spec.ts" time="1.916">
</testcase>
<testcase name="Hello World Flow › should handle API error gracefully" classname="hello-world.spec.ts" time="2.42">
</testcase>
<testcase name="Hello World Flow › should allow retry after error" classname="hello-world.spec.ts" time="3.004">
</testcase>
<testcase name="Hello World Flow › should work on mobile devices" classname="hello-world.spec.ts" time="2.229">
</testcase>
<testcase name="Hello World Flow › should handle slow API responses" classname="hello-world.spec.ts" time="4.508">
</testcase>
<testcase name="Hello World Flow › should maintain state during navigation" classname="hello-world.spec.ts" time="1.589">
</testcase>
<testcase name="User Scenarios › Happy Path - API Available" classname="hello-world.spec.ts" time="1.692">
</testcase>
<testcase name="User Scenarios › Retry Flow - Error Recovery" classname="hello-world.spec.ts" time="1.555">
</testcase>
</testsuite>
<testsuite name="api-health.spec.ts" timestamp="2025-07-17T16:45:58.384Z" hostname="mobile-chrome" tests="13" failures="0" skipped="0" time="28.294" errors="0">
<testcase name="API Health Checks › should have API health endpoint accessible" classname="api-health.spec.ts" time="1.416">
</testcase>
<testcase name="API Health Checks › should have API health status endpoint accessible" classname="api-health.spec.ts" time="1.469">
</testcase>
<testcase name="API Health Checks › should have root endpoint accessible" classname="api-health.spec.ts" time="1.251">
</testcase>
<testcase name="API Health Checks › should return 404 for non-existent endpoints" classname="api-health.spec.ts" time="1.065">
</testcase>
<testcase name="API Health Checks › should handle CORS for Angular origin" classname="api-health.spec.ts" time="0.911">
</testcase>
<testcase name="API Health Checks › should reject unauthorized CORS origins" classname="api-health.spec.ts" time="0.866">
</testcase>
<testcase name="API Health Checks › should handle concurrent requests" classname="api-health.spec.ts" time="1.069">
</testcase>
<testcase name="API Health Checks › should return valid JSON structure for status endpoint" classname="api-health.spec.ts" time="1.051">
</testcase>
<testcase name="API Health Checks › should have reasonable response times" classname="api-health.spec.ts" time="0.697">
</testcase>
<testcase name="API Health Checks › should handle HTTP methods correctly" classname="api-health.spec.ts" time="0.759">
</testcase>
<testcase name="API Integration with Frontend › should successfully connect frontend to API" classname="api-health.spec.ts" time="16.208">
</testcase>
<testcase name="API Integration with Frontend › should handle API errors in frontend" classname="api-health.spec.ts" time="0.749">
</testcase>
<testcase name="API Integration with Frontend › should display API data in frontend" classname="api-health.spec.ts" time="0.783">
</testcase>
</testsuite>
<testsuite name="hello-world.spec.ts" timestamp="2025-07-17T16:45:58.384Z" hostname="mobile-chrome" tests="13" failures="0" skipped="0" time="15.117" errors="0">
<testcase name="Hello World Flow › should display the application title" classname="hello-world.spec.ts" time="0.742">
</testcase>
<testcase name="Hello World Flow › should load the hello world component" classname="hello-world.spec.ts" time="0.73">
</testcase>
<testcase name="Hello World Flow › should display loading state initially" classname="hello-world.spec.ts" time="0.713">
</testcase>
<testcase name="Hello World Flow › should successfully fetch and display hello world message" classname="hello-world.spec.ts" time="0.793">
</testcase>
<testcase name="Hello World Flow › should display health status information" classname="hello-world.spec.ts" time="0.704">
</testcase>
<testcase name="Hello World Flow › should display timestamp in status card" classname="hello-world.spec.ts" time="0.773">
</testcase>
<testcase name="Hello World Flow › should handle API error gracefully" classname="hello-world.spec.ts" time="0.924">
</testcase>
<testcase name="Hello World Flow › should allow retry after error" classname="hello-world.spec.ts" time="1.065">
</testcase>
<testcase name="Hello World Flow › should work on mobile devices" classname="hello-world.spec.ts" time="1.268">
</testcase>
<testcase name="Hello World Flow › should handle slow API responses" classname="hello-world.spec.ts" time="4.363">
</testcase>
<testcase name="Hello World Flow › should maintain state during navigation" classname="hello-world.spec.ts" time="1.075">
</testcase>
<testcase name="User Scenarios › Happy Path - API Available" classname="hello-world.spec.ts" time="0.972">
</testcase>
<testcase name="User Scenarios › Retry Flow - Error Recovery" classname="hello-world.spec.ts" time="0.995">
</testcase>
</testsuite>
<testsuite name="api-health.spec.ts" timestamp="2025-07-17T16:45:58.384Z" hostname="mobile-safari" tests="13" failures="0" skipped="0" time="20.449" errors="0">
<testcase name="API Health Checks › should have API health endpoint accessible" classname="api-health.spec.ts" time="1.573">
</testcase>
<testcase name="API Health Checks › should have API health status endpoint accessible" classname="api-health.spec.ts" time="1.735">
</testcase>
<testcase name="API Health Checks › should have root endpoint accessible" classname="api-health.spec.ts" time="1.633">
</testcase>
<testcase name="API Health Checks › should return 404 for non-existent endpoints" classname="api-health.spec.ts" time="1.799">
</testcase>
<testcase name="API Health Checks › should handle CORS for Angular origin" classname="api-health.spec.ts" time="1.71">
</testcase>
<testcase name="API Health Checks › should reject unauthorized CORS origins" classname="api-health.spec.ts" time="1.604">
</testcase>
<testcase name="API Health Checks › should handle concurrent requests" classname="api-health.spec.ts" time="1.305">
</testcase>
<testcase name="API Health Checks › should return valid JSON structure for status endpoint" classname="api-health.spec.ts" time="1.463">
</testcase>
<testcase name="API Health Checks › should have reasonable response times" classname="api-health.spec.ts" time="1.475">
</testcase>
<testcase name="API Health Checks › should handle HTTP methods correctly" classname="api-health.spec.ts" time="1.451">
</testcase>
<testcase name="API Integration with Frontend › should successfully connect frontend to API" classname="api-health.spec.ts" time="1.488">
</testcase>
<testcase name="API Integration with Frontend › should handle API errors in frontend" classname="api-health.spec.ts" time="1.726">
</testcase>
<testcase name="API Integration with Frontend › should display API data in frontend" classname="api-health.spec.ts" time="1.487">
</testcase>
</testsuite>
<testsuite name="hello-world.spec.ts" timestamp="2025-07-17T16:45:58.384Z" hostname="mobile-safari" tests="13" failures="0" skipped="0" time="24.07" errors="0">
<testcase name="Hello World Flow › should display the application title" classname="hello-world.spec.ts" time="1.264">
</testcase>
<testcase name="Hello World Flow › should load the hello world component" classname="hello-world.spec.ts" time="1.554">
</testcase>
<testcase name="Hello World Flow › should display loading state initially" classname="hello-world.spec.ts" time="1.536">
</testcase>
<testcase name="Hello World Flow › should successfully fetch and display hello world message" classname="hello-world.spec.ts" time="1.709">
</testcase>
<testcase name="Hello World Flow › should display health status information" classname="hello-world.spec.ts" time="1.618">
</testcase>
<testcase name="Hello World Flow › should display timestamp in status card" classname="hello-world.spec.ts" time="1.615">
</testcase>
<testcase name="Hello World Flow › should handle API error gracefully" classname="hello-world.spec.ts" time="1.916">
</testcase>
<testcase name="Hello World Flow › should allow retry after error" classname="hello-world.spec.ts" time="2.089">
</testcase>
<testcase name="Hello World Flow › should work on mobile devices" classname="hello-world.spec.ts" time="1.86">
</testcase>
<testcase name="Hello World Flow › should handle slow API responses" classname="hello-world.spec.ts" time="4.519">
</testcase>
<testcase name="Hello World Flow › should maintain state during navigation" classname="hello-world.spec.ts" time="1.628">
</testcase>
<testcase name="User Scenarios › Happy Path - API Available" classname="hello-world.spec.ts" time="1.385">
</testcase>
<testcase name="User Scenarios › Retry Flow - Error Recovery" classname="hello-world.spec.ts" time="1.377">
</testcase>
</testsuite>
</testsuites>