<testsuites id="" name="" tests="1" failures="1" skipped="0" errors="0" time="11.703102">
<testsuite name="hello-world.spec.ts" timestamp="2025-07-16T18:37:42.465Z" hostname="mobile-chrome" tests="1" failures="1" skipped="0" time="10.971" errors="0">
<testcase name="Hello World Flow › should work on mobile devices" classname="hello-world.spec.ts" time="10.971">
<failure message="hello-world.spec.ts:102:7 should work on mobile devices" type="FAILURE">
<![CDATA[  [mobile-chrome] › hello-world.spec.ts:102:7 › Hello World Flow › should work on mobile devices ───

    TimeoutError: page.waitForResponse: Timeout 10000ms exceeded while waiting for event "response"

       at ..\utils\helpers.ts:11

       9 |
      10 |   async waitForApiResponse(url: string, timeout = 10000) {
    > 11 |     const responsePromise = this.page.waitForResponse(
         |                                       ^
      12 |       response => response.url().includes(url) && response.status() === 200,
      13 |       { timeout }
      14 |     );
        at TestHelpers.waitForApiResponse (C:\Projects\odyssey\e2e-tests\utils\helpers.ts:11:39)
        at C:\Projects\odyssey\e2e-tests\tests\hello-world.spec.ts:110:19

    attachment #1: screenshot (image/png) ──────────────────────────────────────────────────────────
    ..\test-results\hello-world-Hello-World-Flow-should-work-on-mobile-devices-mobile-chrome\test-failed-1.png
    ────────────────────────────────────────────────────────────────────────────────────────────────

    attachment #2: video (video/webm) ──────────────────────────────────────────────────────────────
    ..\test-results\hello-world-Hello-World-Flow-should-work-on-mobile-devices-mobile-chrome\video.webm
    ────────────────────────────────────────────────────────────────────────────────────────────────

    Error Context: ..\test-results\hello-world-Hello-World-Flow-should-work-on-mobile-devices-mobile-chrome\error-context.md
]]>
</failure>
<system-out>
<![CDATA[
[[ATTACHMENT|test-results\hello-world-Hello-World-Flow-should-work-on-mobile-devices-mobile-chrome\test-failed-1.png]]

[[ATTACHMENT|test-results\hello-world-Hello-World-Flow-should-work-on-mobile-devices-mobile-chrome\video.webm]]

[[ATTACHMENT|test-results\hello-world-Hello-World-Flow-should-work-on-mobile-devices-mobile-chrome\error-context.md]]
]]>
</system-out>
</testcase>
</testsuite>
</testsuites>